[18:01:37] [main/INFO]: Setting user: ForgeDevName
[18:01:38] [Client thread/INFO]: LWJGL Version: 2.9.1
[18:01:44] [Client thread/INFO]: Reloading ResourceManager: Default, FMLFileResourcePack:Forge Mod Loader, FMLFileResourcePack:Minecraft Forge, FMLFileResourcePack:Practice
[18:01:45] [Sound Library Loader/INFO]: Sound engine started
[18:01:46] [Client thread/INFO]: Created: 512x256 textures/blocks-atlas
[18:01:46] [Client thread/INFO]: Created: 512x256 textures/items-atlas
[18:01:46] [Client thread/INFO]: Reloading ResourceManager: Default, FMLFileResourcePack:Forge Mod Loader, FMLFileResourcePack:Minecraft Forge, FMLFileResourcePack:Practice
[18:01:46] [Client thread/INFO]: Created: 512x256 textures/items-atlas
[18:01:46] [Client thread/INFO]: Created: 512x256 textures/blocks-atlas
[18:01:47] [Sound Library Loader/INFO]: Sound engine started
[18:01:52] [Server thread/INFO]: Starting integrated minecraft server version 1.7.10
[18:01:52] [Server thread/INFO]: Generating keypair
[18:01:53] [Server thread/INFO]: Preparing start region for level 0
[18:01:53] [Server thread/INFO]: Changing view distance to 12, from 10
[18:01:54] [Server thread/INFO]: ForgeDevName[local:E:8128b223] logged in with entity id 268 at (-259.35656150296046, 4.0, 1221.6792250348153)
[18:01:54] [Server thread/INFO]: ForgeDevName joined the game
[18:02:33] [Server thread/INFO]: Saving and pausing game...
[18:02:33] [Server thread/INFO]: Saving chunks for level 'New World'/Overworld
[18:02:33] [Server thread/INFO]: Saving chunks for level 'New World'/Nether
[18:02:33] [Server thread/INFO]: Saving chunks for level 'New World'/The End
[18:02:34] [Server thread/INFO]: Stopping server
[18:02:34] [Server thread/INFO]: Saving players
[18:02:34] [Server thread/INFO]: Saving worlds
[18:02:34] [Server thread/INFO]: Saving chunks for level 'New World'/Overworld
[18:02:34] [Server thread/INFO]: Saving chunks for level 'New World'/Nether
[18:02:34] [Server thread/INFO]: Saving chunks for level 'New World'/The End
[18:02:35] [Client thread/INFO]: Stopping!
